1 10 20
100 200 125
201 210 89
900 1000 174
5 9 20
10 10 7
67 67 28
67 34 113
20000 70000 340
9 5 20
10 10 7
67 67 28
67 34 113
945 231 179
278 1456 182
1 2 2
2 1 2
230 232 128
229 230 35
23 12 21
600 60 144
61 16 113
62 26 113
63 36 113
64 46 113
65 283 128
93 66 116
78 76 36
69 69 15
534 234 144
234 233 84
444 723 171
9000 23443 279
32760 32760 161
16380 16380 160
32761 32761 161
148196 283960 443
76531 62743 330
43676 163610 383
229145 248247 443
121476 44663 354
234696 298802 407
189102 295158 443
272155 77746 443
190584 63396 383
109917 215493 383
114426 262990 443
145366 159926 383
90450 130196 354
154062 5549 375
22337 227642 386
228925 52529 386
181183 72692 383
212239 77785 383
112867 258647 443
92416 206360 383
275658 260944 407
192672 45547 383
205326 286517 443
257971 6764 443
91398 259003 443
203910 51158 383
243752 54574 443
38652 179076 383
236239 71443 443
127718 234937 443
133036 33355 354
89869 236113 443
38385 250005 443
51211 68675 340
262629 6077 443
41302 180304 383
137937 55825 354
32872 57393 340
286380 175049 443
116145 5395 354
141918 275875 443
290390 44724 443
120726 240559 443
42959 204787 383
131648 39140 354
206971 179276 373
28521 14516 308
257591 295743 407
274931 79801 443
54521 53042 322
617130 548463 447
157892 74686 383
235049 63422 443
373230 637417 509
412051 357075 449
540127 439851 470
486017 187765 449
491659 692783 509
578442 23152 470
3874 38728 324
290927 271361 389
20104 167671 383
242555 282924 407
84874 119773 354
10864 47081 324
108294 152646 375
211628 246000 443
